p1.txt:

identifier -> (10, 0)
identifier -> (17, 0)
identifier -> (10, 0)
identifier -> (18, 0)
identifier -> (10, 0)
identifier -> (19, 0)
identifier -> (12, 0)
( -> (-1, -1)
identifier -> (17, 0)
) -> (-1, -1)
identifier -> (12, 0)
( -> (-1, -1)
identifier -> (18, 0)
) -> (-1, -1)
identifier -> (12, 0)
( -> (-1, -1)
identifier -> (19, 0)
) -> (-1, -1)
identifier -> (10, 0)
identifier -> (6, 0)
identifier -> (7, 0)
( -> (-1, -1)
identifier -> (17, 0)
> -> (-1, -1)
identifier -> (18, 0)
) -> (-1, -1)
identifier -> (6, 0)
= -> (-1, -1)
identifier -> (17, 0)
identifier -> (5, 0)
identifier -> (6, 0)
= -> (-1, -1)
identifier -> (18, 0)
identifier -> (7, 0)
( -> (-1, -1)
identifier -> (19, 0)
> -> (-1, -1)
identifier -> (18, 0)
) -> (-1, -1)
identifier -> (6, 0)
= -> (-1, -1)
identifier -> (19, 0)
identifier -> (15, 0)
( -> (-1, -1)
identifier -> (6, 0)
) -> (-1, -1)
p2.txt:

identifier -> (10, 0)
identifier -> (17, 0)
identifier -> (16, 0)
identifier -> (14, 0)
= -> (-1, -1)
const -> (0, 0)
identifier -> (12, 0)
( -> (-1, -1)
identifier -> (17, 0)
) -> (-1, -1)
identifier -> (7, 0)
( -> (-1, -1)
identifier -> (17, 0)
< -> (-1, -1)
const -> (2, 0)
) -> (-1, -1)
{ -> (-1, -1)
identifier -> (14, 0)
= -> (-1, -1)
const -> (1, 0)
identifier -> (15, 0)
( -> (-1, -1)
const -> (9, 0)
) -> (-1, -1)
} -> (-1, -1)
identifier -> (12, 1)
( -> (-1, -1)
identifier -> (17, 0)
= -> (-1, -1)
= -> (-1, -1)
const -> (2, 0)
) -> (-1, -1)
{ -> (-1, -1)
identifier -> (14, 0)
= -> (-1, -1)
const -> (1, 0)
identifier -> (15, 0)
( -> (-1, -1)
const -> (0, 1)
) -> (-1, -1)
} -> (-1, -1)
identifier -> (5, 0)
identifier -> (7, 1)
( -> (-1, -1)
identifier -> (10, 0)
identifier -> (5, 1)
= -> (-1, -1)
const -> (2, 0)
; -> (-1, -1)
identifier -> (5, 1)
<= -> (-1, -1)
identifier -> (17, 0)
/ -> (-1, -1)
const -> (2, 0)
; -> (-1, -1)
identifier -> (5, 1)
+ -> (-1, -1)
+ -> (-1, -1)
) -> (-1, -1)
identifier -> (7, 0)
( -> (-1, -1)
identifier -> (17, 0)
% -> (-1, -1)
identifier -> (5, 1)
= -> (-1, -1)
= -> (-1, -1)
const -> (0, 0)
) -> (-1, -1)
{ -> (-1, -1)
identifier -> (14, 0)
= -> (-1, -1)
const -> (1, 0)
identifier -> (15, 0)
( -> (-1, -1)
const -> (9, 0)
) -> (-1, -1)
identifier -> (17, 1)
} -> (-1, -1)
identifier -> (7, 0)
( -> (-1, -1)
identifier -> (14, 0)
= -> (-1, -1)
= -> (-1, -1)
const -> (0, 0)
) -> (-1, -1)
identifier -> (15, 0)
( -> (-1, -1)
const -> (0, 1)
) -> (-1, -1)
p1.txt:

identifier -> (10, 0)
identifier -> (17, 0)
identifier -> (10, 0)
identifier -> (18, 0)
identifier -> (10, 0)
identifier -> (19, 0)
identifier -> (12, 0)
( -> (-1, -1)
identifier -> (17, 0)
) -> (-1, -1)
identifier -> (12, 0)
( -> (-1, -1)
identifier -> (18, 0)
) -> (-1, -1)
identifier -> (12, 0)
( -> (-1, -1)
identifier -> (19, 0)
) -> (-1, -1)
identifier -> (10, 0)
identifier -> (6, 0)
identifier -> (7, 0)
( -> (-1, -1)
identifier -> (17, 0)
> -> (-1, -1)
identifier -> (18, 0)
) -> (-1, -1)
identifier -> (6, 0)
= -> (-1, -1)
identifier -> (17, 0)
identifier -> (5, 0)
identifier -> (6, 0)
= -> (-1, -1)
identifier -> (18, 0)
identifier -> (7, 0)
( -> (-1, -1)
identifier -> (19, 0)
> -> (-1, -1)
identifier -> (18, 0)
) -> (-1, -1)
identifier -> (6, 0)
= -> (-1, -1)
identifier -> (19, 0)
identifier -> (15, 0)
( -> (-1, -1)
identifier -> (6, 0)
) -> (-1, -1)
p2.txt:

identifier -> (10, 0)
identifier -> (17, 0)
identifier -> (16, 0)
identifier -> (14, 0)
= -> (-1, -1)
const -> (0, 0)
identifier -> (12, 0)
( -> (-1, -1)
identifier -> (17, 0)
) -> (-1, -1)
identifier -> (7, 0)
( -> (-1, -1)
identifier -> (17, 0)
< -> (-1, -1)
const -> (2, 0)
) -> (-1, -1)
{ -> (-1, -1)
identifier -> (14, 0)
= -> (-1, -1)
const -> (1, 0)
identifier -> (15, 0)
( -> (-1, -1)
const -> (9, 0)
) -> (-1, -1)
} -> (-1, -1)
identifier -> (12, 1)
( -> (-1, -1)
identifier -> (17, 0)
== -> (-1, -1)
const -> (2, 0)
) -> (-1, -1)
{ -> (-1, -1)
identifier -> (14, 0)
= -> (-1, -1)
const -> (1, 0)
identifier -> (15, 0)
( -> (-1, -1)
const -> (0, 1)
) -> (-1, -1)
} -> (-1, -1)
identifier -> (5, 0)
identifier -> (7, 1)
( -> (-1, -1)
identifier -> (10, 0)
identifier -> (5, 1)
= -> (-1, -1)
const -> (2, 0)
; -> (-1, -1)
identifier -> (5, 1)
< -> (-1, -1)
= -> (-1, -1)
identifier -> (17, 0)
/ -> (-1, -1)
const -> (2, 0)
; -> (-1, -1)
identifier -> (5, 1)
+ -> (-1, -1)
+ -> (-1, -1)
) -> (-1, -1)
identifier -> (7, 0)
( -> (-1, -1)
identifier -> (17, 0)
% -> (-1, -1)
identifier -> (5, 1)
== -> (-1, -1)
const -> (0, 0)
) -> (-1, -1)
{ -> (-1, -1)
identifier -> (14, 0)
= -> (-1, -1)
const -> (1, 0)
identifier -> (15, 0)
( -> (-1, -1)
const -> (9, 0)
) -> (-1, -1)
identifier -> (17, 1)
} -> (-1, -1)
identifier -> (7, 0)
( -> (-1, -1)
identifier -> (14, 0)
== -> (-1, -1)
const -> (0, 0)
) -> (-1, -1)
identifier -> (15, 0)
( -> (-1, -1)
const -> (0, 1)
) -> (-1, -1)
p3.txt:

identifier -> (10, 0)
identifier -> (10, 1)
identifier -> (10, 0)
identifier -> (1, 0)
identifier -> (19, 0)
identifier -> (18, 0)
= -> (-1, -1)
[ -> (-1, -1)
] -> (-1, -1)
identifier -> (12, 0)
( -> (-1, -1)
identifier -> (10, 1)
) -> (-1, -1)
identifier -> (7, 0)
( -> (-1, -1)
identifier -> (10, 0)
identifier -> (5, 0)
= -> (-1, -1)
const -> (1, 0)
; -> (-1, -1)
identifier -> (5, 0)
< -> (-1, -1)
= -> (-1, -1)
identifier -> (10, 1)
; -> (-1, -1)
identifier -> (5, 0)
+ -> (-1, -1)
+ -> (-1, -1)
) -> (-1, -1)
{ -> (-1, -1)
identifier -> (12, 0)
( -> (-1, -1)
identifier -> (18, 0)
[ -> (-1, -1)
identifier -> (5, 0)
] -> (-1, -1)
) -> (-1, -1)
identifier -> (1, 0)
= -> (-1, -1)
identifier -> (1, 0)
+ -> (-1, -1)
identifier -> (18, 0)
[ -> (-1, -1)
identifier -> (5, 0)
] -> (-1, -1)
} -> (-1, -1)
identifier -> (15, 0)
( -> (-1, -1)
identifier -> (1, 0)
) -> (-1, -1)
p1.txt:

identifier -> (10, 0)
identifier -> (17, 0)
identifier -> (10, 0)
identifier -> (18, 0)
identifier -> (10, 0)
identifier -> (19, 0)
identifier -> (12, 0)
( -> (-1, -1)
identifier -> (17, 0)
) -> (-1, -1)
identifier -> (12, 0)
( -> (-1, -1)
identifier -> (18, 0)
) -> (-1, -1)
identifier -> (12, 0)
( -> (-1, -1)
identifier -> (19, 0)
) -> (-1, -1)
identifier -> (10, 0)
identifier -> (6, 0)
identifier -> (7, 0)
( -> (-1, -1)
identifier -> (17, 0)
> -> (-1, -1)
identifier -> (18, 0)
) -> (-1, -1)
identifier -> (6, 0)
= -> (-1, -1)
identifier -> (17, 0)
identifier -> (5, 0)
identifier -> (6, 0)
= -> (-1, -1)
identifier -> (18, 0)
identifier -> (7, 0)
( -> (-1, -1)
identifier -> (19, 0)
> -> (-1, -1)
identifier -> (18, 0)
) -> (-1, -1)
identifier -> (6, 0)
= -> (-1, -1)
identifier -> (19, 0)
identifier -> (15, 0)
( -> (-1, -1)
identifier -> (6, 0)
) -> (-1, -1)
p2.txt:

identifier -> (10, 0)
identifier -> (17, 0)
identifier -> (16, 0)
identifier -> (14, 0)
= -> (-1, -1)
const -> (0, 0)
identifier -> (12, 0)
( -> (-1, -1)
identifier -> (17, 0)
) -> (-1, -1)
identifier -> (7, 0)
( -> (-1, -1)
identifier -> (17, 0)
< -> (-1, -1)
const -> (2, 0)
) -> (-1, -1)
{ -> (-1, -1)
identifier -> (14, 0)
= -> (-1, -1)
const -> (1, 0)
identifier -> (15, 0)
( -> (-1, -1)
const -> (9, 0)
) -> (-1, -1)
} -> (-1, -1)
identifier -> (12, 1)
( -> (-1, -1)
identifier -> (17, 0)
== -> (-1, -1)
const -> (2, 0)
) -> (-1, -1)
{ -> (-1, -1)
identifier -> (14, 0)
= -> (-1, -1)
const -> (1, 0)
identifier -> (15, 0)
( -> (-1, -1)
const -> (0, 1)
) -> (-1, -1)
} -> (-1, -1)
identifier -> (5, 0)
identifier -> (7, 1)
( -> (-1, -1)
identifier -> (10, 0)
identifier -> (5, 1)
= -> (-1, -1)
const -> (2, 0)
; -> (-1, -1)
identifier -> (5, 1)
<= -> (-1, -1)
identifier -> (17, 0)
/ -> (-1, -1)
const -> (2, 0)
; -> (-1, -1)
identifier -> (5, 1)
+ -> (-1, -1)
+ -> (-1, -1)
) -> (-1, -1)
identifier -> (7, 0)
( -> (-1, -1)
identifier -> (17, 0)
% -> (-1, -1)
identifier -> (5, 1)
== -> (-1, -1)
const -> (0, 0)
) -> (-1, -1)
{ -> (-1, -1)
identifier -> (14, 0)
= -> (-1, -1)
const -> (1, 0)
identifier -> (15, 0)
( -> (-1, -1)
const -> (9, 0)
) -> (-1, -1)
identifier -> (17, 1)
} -> (-1, -1)
identifier -> (7, 0)
( -> (-1, -1)
identifier -> (14, 0)
== -> (-1, -1)
const -> (0, 0)
) -> (-1, -1)
identifier -> (15, 0)
( -> (-1, -1)
const -> (0, 1)
) -> (-1, -1)
p3.txt:

identifier -> (10, 0)
identifier -> (10, 1)
identifier -> (10, 0)
identifier -> (1, 0)
identifier -> (19, 0)
identifier -> (18, 0)
= -> (-1, -1)
[ -> (-1, -1)
] -> (-1, -1)
identifier -> (12, 0)
( -> (-1, -1)
identifier -> (10, 1)
) -> (-1, -1)
identifier -> (7, 0)
( -> (-1, -1)
identifier -> (10, 0)
identifier -> (5, 0)
= -> (-1, -1)
const -> (1, 0)
; -> (-1, -1)
identifier -> (5, 0)
<= -> (-1, -1)
identifier -> (10, 1)
; -> (-1, -1)
identifier -> (5, 0)
+ -> (-1, -1)
+ -> (-1, -1)
) -> (-1, -1)
{ -> (-1, -1)
identifier -> (12, 0)
( -> (-1, -1)
identifier -> (18, 0)
[ -> (-1, -1)
identifier -> (5, 0)
] -> (-1, -1)
) -> (-1, -1)
identifier -> (1, 0)
= -> (-1, -1)
identifier -> (1, 0)
+ -> (-1, -1)
identifier -> (18, 0)
[ -> (-1, -1)
identifier -> (5, 0)
] -> (-1, -1)
} -> (-1, -1)
identifier -> (15, 0)
( -> (-1, -1)
identifier -> (1, 0)
) -> (-1, -1)
p1.txt:

identifier -> (10, 0)
identifier -> (17, 0)
identifier -> (10, 0)
identifier -> (18, 0)
identifier -> (10, 0)
identifier -> (19, 0)
identifier -> (12, 0)
( -> (-1, -1)
identifier -> (17, 0)
) -> (-1, -1)
identifier -> (12, 0)
( -> (-1, -1)
identifier -> (18, 0)
) -> (-1, -1)
identifier -> (12, 0)
( -> (-1, -1)
identifier -> (19, 0)
) -> (-1, -1)
identifier -> (10, 0)
identifier -> (6, 0)
identifier -> (7, 0)
( -> (-1, -1)
identifier -> (17, 0)
> -> (-1, -1)
identifier -> (18, 0)
) -> (-1, -1)
identifier -> (6, 0)
= -> (-1, -1)
identifier -> (17, 0)
identifier -> (5, 0)
identifier -> (6, 0)
= -> (-1, -1)
identifier -> (18, 0)
identifier -> (7, 0)
( -> (-1, -1)
identifier -> (19, 0)
> -> (-1, -1)
identifier -> (18, 0)
) -> (-1, -1)
identifier -> (6, 0)
= -> (-1, -1)
identifier -> (19, 0)
identifier -> (15, 0)
( -> (-1, -1)
identifier -> (6, 0)
) -> (-1, -1)
p2.txt:

identifier -> (10, 0)
identifier -> (17, 0)
identifier -> (16, 0)
identifier -> (14, 0)
= -> (-1, -1)
const -> (0, 0)
identifier -> (12, 0)
( -> (-1, -1)
identifier -> (17, 0)
) -> (-1, -1)
identifier -> (7, 0)
( -> (-1, -1)
identifier -> (17, 0)
< -> (-1, -1)
const -> (2, 0)
) -> (-1, -1)
{ -> (-1, -1)
identifier -> (14, 0)
= -> (-1, -1)
const -> (1, 0)
identifier -> (15, 0)
( -> (-1, -1)
const -> (9, 0)
) -> (-1, -1)
} -> (-1, -1)
identifier -> (12, 1)
( -> (-1, -1)
identifier -> (17, 0)
= -> (-1, -1)
= -> (-1, -1)
const -> (2, 0)
) -> (-1, -1)
{ -> (-1, -1)
identifier -> (14, 0)
= -> (-1, -1)
const -> (1, 0)
identifier -> (15, 0)
( -> (-1, -1)
const -> (0, 1)
) -> (-1, -1)
} -> (-1, -1)
identifier -> (5, 0)
identifier -> (7, 1)
( -> (-1, -1)
identifier -> (10, 0)
identifier -> (5, 1)
= -> (-1, -1)
const -> (2, 0)
; -> (-1, -1)
identifier -> (5, 1)
<= -> (-1, -1)
identifier -> (17, 0)
/ -> (-1, -1)
const -> (2, 0)
; -> (-1, -1)
identifier -> (5, 1)
+ -> (-1, -1)
+ -> (-1, -1)
) -> (-1, -1)
identifier -> (7, 0)
( -> (-1, -1)
identifier -> (17, 0)
% -> (-1, -1)
identifier -> (5, 1)
= -> (-1, -1)
= -> (-1, -1)
const -> (0, 0)
) -> (-1, -1)
{ -> (-1, -1)
identifier -> (14, 0)
= -> (-1, -1)
const -> (1, 0)
identifier -> (15, 0)
( -> (-1, -1)
const -> (9, 0)
) -> (-1, -1)
identifier -> (17, 1)
} -> (-1, -1)
identifier -> (7, 0)
( -> (-1, -1)
identifier -> (14, 0)
= -> (-1, -1)
= -> (-1, -1)
const -> (0, 0)
) -> (-1, -1)
identifier -> (15, 0)
( -> (-1, -1)
const -> (0, 1)
) -> (-1, -1)
p3.txt:

identifier -> (10, 0)
identifier -> (10, 1)
identifier -> (10, 0)
identifier -> (1, 0)
identifier -> (19, 0)
identifier -> (18, 0)
= -> (-1, -1)
[ -> (-1, -1)
] -> (-1, -1)
identifier -> (12, 0)
( -> (-1, -1)
identifier -> (10, 1)
) -> (-1, -1)
identifier -> (7, 0)
( -> (-1, -1)
identifier -> (10, 0)
identifier -> (5, 0)
= -> (-1, -1)
const -> (1, 0)
; -> (-1, -1)
identifier -> (5, 0)
<= -> (-1, -1)
identifier -> (10, 1)
; -> (-1, -1)
identifier -> (5, 0)
+ -> (-1, -1)
+ -> (-1, -1)
) -> (-1, -1)
{ -> (-1, -1)
identifier -> (12, 0)
( -> (-1, -1)
identifier -> (18, 0)
[ -> (-1, -1)
identifier -> (5, 0)
] -> (-1, -1)
) -> (-1, -1)
identifier -> (1, 0)
= -> (-1, -1)
identifier -> (1, 0)
+ -> (-1, -1)
identifier -> (18, 0)
[ -> (-1, -1)
identifier -> (5, 0)
] -> (-1, -1)
} -> (-1, -1)
identifier -> (15, 0)
( -> (-1, -1)
identifier -> (1, 0)
) -> (-1, -1)
p1.txt:

identifier -> (10, 0)
identifier -> (17, 0)
identifier -> (10, 0)
identifier -> (18, 0)
identifier -> (10, 0)
identifier -> (19, 0)
identifier -> (12, 0)
( -> (-1, -1)
identifier -> (17, 0)
) -> (-1, -1)
identifier -> (12, 0)
( -> (-1, -1)
identifier -> (18, 0)
) -> (-1, -1)
identifier -> (12, 0)
( -> (-1, -1)
identifier -> (19, 0)
) -> (-1, -1)
identifier -> (10, 0)
identifier -> (6, 0)
identifier -> (7, 0)
( -> (-1, -1)
identifier -> (17, 0)
> -> (-1, -1)
identifier -> (18, 0)
) -> (-1, -1)
identifier -> (6, 0)
= -> (-1, -1)
identifier -> (17, 0)
identifier -> (5, 0)
identifier -> (6, 0)
= -> (-1, -1)
identifier -> (18, 0)
identifier -> (7, 0)
( -> (-1, -1)
identifier -> (19, 0)
> -> (-1, -1)
identifier -> (18, 0)
) -> (-1, -1)
identifier -> (6, 0)
= -> (-1, -1)
identifier -> (19, 0)
identifier -> (15, 0)
( -> (-1, -1)
identifier -> (6, 0)
) -> (-1, -1)
p2.txt:

identifier -> (10, 0)
identifier -> (17, 0)
identifier -> (16, 0)
identifier -> (14, 0)
= -> (-1, -1)
const -> (0, 0)
identifier -> (12, 0)
( -> (-1, -1)
identifier -> (17, 0)
) -> (-1, -1)
identifier -> (7, 0)
( -> (-1, -1)
identifier -> (17, 0)
< -> (-1, -1)
const -> (2, 0)
) -> (-1, -1)
{ -> (-1, -1)
identifier -> (14, 0)
= -> (-1, -1)
const -> (1, 0)
identifier -> (15, 0)
( -> (-1, -1)
const -> (9, 0)
) -> (-1, -1)
} -> (-1, -1)
identifier -> (12, 1)
( -> (-1, -1)
identifier -> (17, 0)
== -> (-1, -1)
const -> (2, 0)
) -> (-1, -1)
{ -> (-1, -1)
identifier -> (14, 0)
= -> (-1, -1)
const -> (1, 0)
identifier -> (15, 0)
( -> (-1, -1)
const -> (0, 1)
) -> (-1, -1)
} -> (-1, -1)
identifier -> (5, 0)
identifier -> (7, 1)
( -> (-1, -1)
identifier -> (10, 0)
identifier -> (5, 1)
= -> (-1, -1)
const -> (2, 0)
; -> (-1, -1)
identifier -> (5, 1)
<= -> (-1, -1)
identifier -> (17, 0)
/ -> (-1, -1)
const -> (2, 0)
; -> (-1, -1)
identifier -> (5, 1)
+ -> (-1, -1)
+ -> (-1, -1)
) -> (-1, -1)
identifier -> (7, 0)
( -> (-1, -1)
identifier -> (17, 0)
% -> (-1, -1)
identifier -> (5, 1)
== -> (-1, -1)
const -> (0, 0)
) -> (-1, -1)
{ -> (-1, -1)
identifier -> (14, 0)
= -> (-1, -1)
const -> (1, 0)
identifier -> (15, 0)
( -> (-1, -1)
const -> (9, 0)
) -> (-1, -1)
identifier -> (17, 1)
} -> (-1, -1)
identifier -> (7, 0)
( -> (-1, -1)
identifier -> (14, 0)
== -> (-1, -1)
const -> (0, 0)
) -> (-1, -1)
identifier -> (15, 0)
( -> (-1, -1)
const -> (0, 1)
) -> (-1, -1)
p3.txt:

identifier -> (10, 0)
identifier -> (10, 1)
identifier -> (10, 0)
identifier -> (1, 0)
identifier -> (19, 0)
identifier -> (18, 0)
= -> (-1, -1)
[ -> (-1, -1)
] -> (-1, -1)
identifier -> (12, 0)
( -> (-1, -1)
identifier -> (10, 1)
) -> (-1, -1)
identifier -> (7, 0)
( -> (-1, -1)
identifier -> (10, 0)
identifier -> (5, 0)
= -> (-1, -1)
const -> (1, 0)
; -> (-1, -1)
identifier -> (5, 0)
<= -> (-1, -1)
identifier -> (10, 1)
; -> (-1, -1)
identifier -> (5, 0)
+ -> (-1, -1)
+ -> (-1, -1)
) -> (-1, -1)
{ -> (-1, -1)
identifier -> (12, 0)
( -> (-1, -1)
identifier -> (18, 0)
[ -> (-1, -1)
identifier -> (5, 0)
] -> (-1, -1)
) -> (-1, -1)
identifier -> (1, 0)
= -> (-1, -1)
identifier -> (1, 0)
+ -> (-1, -1)
identifier -> (18, 0)
[ -> (-1, -1)
identifier -> (5, 0)
] -> (-1, -1)
} -> (-1, -1)
identifier -> (15, 0)
( -> (-1, -1)
identifier -> (1, 0)
) -> (-1, -1)
p1.txt:

identifier -> (10, 0)
identifier -> (17, 0)
identifier -> (10, 0)
identifier -> (18, 0)
identifier -> (10, 0)
identifier -> (19, 0)
identifier -> (12, 0)
( -> (-1, -1)
identifier -> (17, 0)
) -> (-1, -1)
identifier -> (12, 0)
( -> (-1, -1)
identifier -> (18, 0)
) -> (-1, -1)
identifier -> (12, 0)
( -> (-1, -1)
identifier -> (19, 0)
) -> (-1, -1)
identifier -> (10, 0)
identifier -> (6, 0)
identifier -> (7, 0)
( -> (-1, -1)
identifier -> (17, 0)
> -> (-1, -1)
identifier -> (18, 0)
) -> (-1, -1)
identifier -> (6, 0)
= -> (-1, -1)
identifier -> (17, 0)
identifier -> (5, 0)
identifier -> (6, 0)
= -> (-1, -1)
identifier -> (18, 0)
identifier -> (7, 0)
( -> (-1, -1)
identifier -> (19, 0)
> -> (-1, -1)
identifier -> (18, 0)
) -> (-1, -1)
identifier -> (6, 0)
= -> (-1, -1)
identifier -> (19, 0)
identifier -> (15, 0)
( -> (-1, -1)
identifier -> (6, 0)
) -> (-1, -1)
p2.txt:

identifier -> (10, 0)
identifier -> (17, 0)
identifier -> (16, 0)
identifier -> (14, 0)
= -> (-1, -1)
const -> (0, 0)
identifier -> (12, 0)
( -> (-1, -1)
identifier -> (17, 0)
) -> (-1, -1)
identifier -> (7, 0)
( -> (-1, -1)
identifier -> (17, 0)
< -> (-1, -1)
const -> (2, 0)
) -> (-1, -1)
{ -> (-1, -1)
identifier -> (14, 0)
= -> (-1, -1)
const -> (1, 0)
identifier -> (15, 0)
( -> (-1, -1)
const -> (9, 0)
) -> (-1, -1)
} -> (-1, -1)
identifier -> (12, 1)
( -> (-1, -1)
identifier -> (17, 0)
= -> (-1, -1)
= -> (-1, -1)
const -> (2, 0)
) -> (-1, -1)
{ -> (-1, -1)
identifier -> (14, 0)
= -> (-1, -1)
const -> (1, 0)
identifier -> (15, 0)
( -> (-1, -1)
const -> (0, 1)
) -> (-1, -1)
} -> (-1, -1)
identifier -> (5, 0)
identifier -> (7, 1)
( -> (-1, -1)
identifier -> (10, 0)
identifier -> (5, 1)
= -> (-1, -1)
const -> (2, 0)
; -> (-1, -1)
identifier -> (5, 1)
< -> (-1, -1)
= -> (-1, -1)
identifier -> (17, 0)
/ -> (-1, -1)
const -> (2, 0)
; -> (-1, -1)
identifier -> (5, 1)
+ -> (-1, -1)
+ -> (-1, -1)
) -> (-1, -1)
identifier -> (7, 0)
( -> (-1, -1)
identifier -> (17, 0)
% -> (-1, -1)
identifier -> (5, 1)
= -> (-1, -1)
= -> (-1, -1)
const -> (0, 0)
) -> (-1, -1)
{ -> (-1, -1)
identifier -> (14, 0)
= -> (-1, -1)
const -> (1, 0)
identifier -> (15, 0)
( -> (-1, -1)
const -> (9, 0)
) -> (-1, -1)
identifier -> (17, 1)
} -> (-1, -1)
identifier -> (7, 0)
( -> (-1, -1)
identifier -> (14, 0)
= -> (-1, -1)
= -> (-1, -1)
const -> (0, 0)
) -> (-1, -1)
identifier -> (15, 0)
( -> (-1, -1)
const -> (0, 1)
) -> (-1, -1)
p3.txt:

identifier -> (10, 0)
identifier -> (10, 1)
identifier -> (10, 0)
identifier -> (1, 0)
identifier -> (19, 0)
identifier -> (18, 0)
= -> (-1, -1)
[ -> (-1, -1)
] -> (-1, -1)
identifier -> (12, 0)
( -> (-1, -1)
identifier -> (10, 1)
) -> (-1, -1)
identifier -> (7, 0)
( -> (-1, -1)
identifier -> (10, 0)
identifier -> (5, 0)
= -> (-1, -1)
const -> (1, 0)
; -> (-1, -1)
identifier -> (5, 0)
< -> (-1, -1)
= -> (-1, -1)
identifier -> (10, 1)
; -> (-1, -1)
identifier -> (5, 0)
+ -> (-1, -1)
+ -> (-1, -1)
) -> (-1, -1)
{ -> (-1, -1)
identifier -> (12, 0)
( -> (-1, -1)
identifier -> (18, 0)
[ -> (-1, -1)
identifier -> (5, 0)
] -> (-1, -1)
) -> (-1, -1)
identifier -> (1, 0)
= -> (-1, -1)
identifier -> (1, 0)
+ -> (-1, -1)
identifier -> (18, 0)
[ -> (-1, -1)
identifier -> (5, 0)
] -> (-1, -1)
} -> (-1, -1)
identifier -> (15, 0)
( -> (-1, -1)
identifier -> (1, 0)
) -> (-1, -1)
